# Logfile created on 2025-11-27 23:56:28 +0200 by logger.rb/v1.7.0
2025-11-27 23:56:28 [ERROR] Test error message for verification
2025-11-28 00:58:24 [ERROR] Test error message 1764284304
2025-11-28 00:58:25 [ERROR] Error retrieving item info: Test error
2025-11-28 00:59:03 [ERROR] Test error message 1764284343
2025-11-28 00:59:04 [ERROR] Error retrieving item info: Test error
2025-11-28 01:02:12 [ERROR] Test error message 1764284532
2025-11-28 01:02:13 [ERROR] Error retrieving item info: Test error
2025-11-28 01:05:35 [ERROR] Test error message for verification
2025-11-28 01:06:37 [ERROR] Test error message 1764284797
2025-11-28 01:06:38 [ERROR] Error retrieving item info: Test error
